Unity Editor version:    2020.3.34f1 (9a4c9c70452b)
Branch:                  2020.3/release
Build type:              Release
Batch mode:              YES
macOS version:           Version 14.0 (Build 23A344)
Darwin version:          23.0.0
Architecture:            x86_64
Running under Rosetta:   YES
Available memory:        16384 MB
Using pre-set license
Pro License: NO

COMMAND LINE ARGUMENTS:
/Applications/Unity/Unity.app/Contents/MacOS/Unity
-adb2
-batchMode
-noUpm
-name
AssetImportWorker0
-projectPath
/Users/jaobo/Downloads/Escape-Room-main/Escape-Room-main
-logFile
Logs/AssetImportWorker0.log
-srvPort
55224
Successfully changed project path to: /Users/jaobo/Downloads/Escape-Room-main/Escape-Room-main
/Users/jaobo/Downloads/Escape-Room-main/Escape-Room-main
Using Asset Import Pipeline V2.
Refreshing native plugins compatible for Editor in 34.56 ms, found 2 plugins.
Preloading 0 native plugins for Editor in 0.00 ms.
Initialize engine version: 2020.3.34f1 (9a4c9c70452b)
[Subsystems] Discovering subsystems at path /Applications/Unity/Unity.app/Contents/Resources/UnitySubsystems
[Subsystems] Discovering subsystems at path /Users/jaobo/Downloads/Escape-Room-main/Escape-Room-main/Assets
GfxDevice: creating device client; threaded=0
2023-10-19 11:55:58.109 Unity[24701:739109] (null) preferred device: Apple M1 (high power)
2023-10-19 11:55:58.109 Unity[24701:739109] Metal devices available: 1
2023-10-19 11:55:58.109 Unity[24701:739109] 0: Apple M1 (high power)
2023-10-19 11:55:58.109 Unity[24701:739109] Using device Apple M1 (high power)
Initializing Metal device caps: Apple M1
Initialize mono
Mono path[0] = '/Applications/Unity/Unity.app/Contents/Managed'
Mono path[1] = '/Applications/Unity/Unity.app/Contents/MonoBleedingEdge/lib/mono/unityjit'
Mono config path = '/Applications/Unity/Unity.app/Contents/MonoBleedingEdge/etc'
Using monoOptions --debugger-agent=transport=dt_socket,embedding=1,server=y,suspend=n,address=127.0.0.1:56701
Begin MonoManager ReloadAssembly
Registering precompiled unity dll's ...
Register platform support module: /Applications/Unity/Unity.app/Contents/PlaybackEngines/MacStandaloneSupport/UnityEditor.OSXStandalone.Extensions.dll
Registered in 0.003231 seconds.
Native extension for OSXStandalone target not found
Refreshing native plugins compatible for Editor in 31.17 ms, found 2 plugins.
Preloading 0 native plugins for Editor in 0.00 ms.
Mono: successfully reloaded assembly
- Completed reload, in  1.126 seconds
Domain Reload Profiling:
	ReloadAssembly (1127ms)
		BeginReloadAssembly (105ms)
			ExecutionOrderSort (0ms)
			DisableScriptedObjects (0ms)
			BackupInstance (0ms)
			ReleaseScriptingObjects (0ms)
			CreateAndSetChildDomain (3ms)
		EndReloadAssembly (924ms)
			LoadAssemblies (103ms)
			RebuildTransferFunctionScriptingTraits (0ms)
			SetupTypeCache (153ms)
			ReleaseScriptCaches (0ms)
			RebuildScriptCaches (32ms)
			SetupLoadedEditorAssemblies (473ms)
				LogAssemblyErrors (0ms)
				InitializePlatformSupportModulesInManaged (9ms)
				SetLoadedEditorAssemblies (1ms)
				RefreshPlugins (31ms)
				BeforeProcessingInitializeOnLoad (21ms)
				ProcessInitializeOnLoadAttributes (307ms)
				ProcessInitializeOnLoadMethodAttributes (102ms)
				AfterProcessingInitializeOnLoad (0ms)
				EditorAssembliesLoaded (1ms)
			ExecutionOrderSort2 (0ms)
			AwakeInstancesAfterBackupRestoration (0ms)
Platform modules already initialized, skipping
Registering precompiled user dll's ...
Registered in 0.003240 seconds.
Begin MonoManager ReloadAssembly
Native extension for OSXStandalone target not found
Refreshing native plugins compatible for Editor in 0.42 ms, found 2 plugins.
Preloading 0 native plugins for Editor in 0.00 ms.
[Build Check] RegisterBuildPlayerHandler,Already Do not show: True
UnityEngine.StackTraceUtility:ExtractStackTrace () (at /Users/bokken/buildslave/unity/build/Runtime/Export/Scripting/StackTrace.cs:37)
UnityEngine.DebugLogHandler:LogFormat (UnityEngine.LogType,UnityEngine.Object,string,object[])
UnityEngine.Logger:Log (UnityEngine.LogType,object)
UnityEngine.Debug:Log (object)
Unity.XR.PXR.Editor.PXR_SDKBuildCheck:.cctor () (at PicoUnityXRSDK/Editor/PXR_SDKBuildCheck.cs:35)
System.Runtime.CompilerServices.RuntimeHelpers:RunClassConstructor (System.RuntimeTypeHandle)
UnityEditor.EditorAssemblies:ProcessInitializeOnLoadAttributes (System.Type[]) (at /Users/bokken/buildslave/unity/build/Editor/Mono/EditorAssemblies.cs:134)

(Filename: PicoUnityXRSDK/Editor/PXR_SDKBuildCheck.cs Line: 35)

Mono: successfully reloaded assembly
- Completed reload, in  1.981 seconds
Domain Reload Profiling:
	ReloadAssembly (1982ms)
		BeginReloadAssembly (223ms)
			ExecutionOrderSort (0ms)
			DisableScriptedObjects (28ms)
			BackupInstance (0ms)
			ReleaseScriptingObjects (0ms)
			CreateAndSetChildDomain (26ms)
		EndReloadAssembly (1679ms)
			LoadAssemblies (196ms)
			RebuildTransferFunctionScriptingTraits (0ms)
			SetupTypeCache (265ms)
			ReleaseScriptCaches (1ms)
			RebuildScriptCaches (43ms)
			SetupLoadedEditorAssemblies (980ms)
				LogAssemblyErrors (0ms)
				InitializePlatformSupportModulesInManaged (12ms)
				SetLoadedEditorAssemblies (1ms)
				RefreshPlugins (0ms)
				BeforeProcessingInitializeOnLoad (104ms)
				ProcessInitializeOnLoadAttributes (810ms)
				ProcessInitializeOnLoadMethodAttributes (52ms)
				AfterProcessingInitializeOnLoad (1ms)
				EditorAssembliesLoaded (0ms)
			ExecutionOrderSort2 (0ms)
			AwakeInstancesAfterBackupRestoration (4ms)
Platform modules already initialized, skipping
Validating Project structure ... 0.000674 seconds.
Shader import version has changed; will reimport all shaders...
Upgrading shader files ...0.008535 seconds.
Application.AssetDatabase Initial Script Refresh Start
RefreshInfo: InitialScriptRefreshV2(NoUpdateAssetOptions) scanfilter:  ... 1 filters
RefreshProfiler: Total: 0.000ms
Application.AssetDatabase Initial Script Refresh End
Application.AssetDatabase.Refresh Start
Application.AssetDatabase.Refresh End
RefreshInfo: StopAssetImportingV2(ForceSynchronousImport) scanfilter: 
RefreshProfiler: Total: 0.000ms
Launching external process: /Applications/Unity/Unity.app/Contents/Tools/UnityShaderCompiler
Launched and connected shader compiler UnityShaderCompiler after 0.03 seconds
Initializing Unity extensions:
2023-10-19 11:56:02.148 Unity[24701:739109] NSEventModifierFlagFunction specified to -setKeyEquivalentModifierMask: for item <NSMenuItem: 0x7fda2f3de570 Font Asset, ke='Command-F12'>, but is only supported for system-provided menu items; will not be used
2023-10-19 11:56:02.151 Unity[24701:739109] NSEventModifierFlagFunction specified to -setKeyEquivalentModifierMask: for item <NSMenuItem: 0x7fda2f3dcf90 Font Asset, ke='Command-F12'>, but is only supported for system-provided menu items; will not be used
========================================================================
Worker process is ready to serve import requests
Refreshing native plugins compatible for Editor in 0.36 ms, found 2 plugins.
Preloading 0 native plugins for Editor in 0.00 ms.
Unloading 1766 Unused Serialized files (Serialized files now loaded: 0)
System memory in use before: 84.7 MB.
System memory in use after: 84.0 MB.

Unloading 132 unused Assets to reduce memory usage. Loaded Objects now: 2244.
Total: 2.494000 ms (FindLiveObjects: 0.087375 ms CreateObjectMapping: 0.035375 ms MarkObjects: 1.936959 ms  DeleteObjects: 0.433500 ms)

AssetImportParameters requested are different than current active one (requested -> active):
  custom:video-decoder-ogg-theora: a1e56fd34408186e4bbccfd4996cb3dc -> 
  custom:container-muxer-webm: aa71ff27fc2769a1b78a27578f13a17b -> 
  custom:container-demuxer-webm: 4f35f7cbe854078d1ac9338744f61a02 -> 
  custom:container-demuxer-ogg: 62fdf1f143b41e24485cea50d1cbac27 -> 
  custom:video-encoder-webm-vp8: eb34c28f22e8b96e1ab97ce403110664 -> 
  custom:framework-osx-AVFoundation: e770b220cccbd017edd2c1fefb359320 -> 
  custom:video-decoder-webm-vp8: 9c59270c3fd7afecdb556c50c9e8de78 -> 
  custom:audio-decoder-ogg-vorbis: bf7c407c2cedff20999df2af8eb42d56 -> 
  custom:audio-encoder-webm-vorbis: bf7c407c2cedff20999df2af8eb42d56 -> 
========================================================================
Received Import Request.
  path: Assets/Sound1to10.mp3
  artifactKey: Guid(ba89b3f7c138ed546a36737142f25a0f) Importer(815301076,1909f56bfc062723c751e8b465ee728b)
Start importing Assets/Sound1to10.mp3 using Guid(ba89b3f7c138ed546a36737142f25a0f) Importer(815301076,1909f56bfc062723c751e8b465ee728b)  -> (artifact id: 'd07a7b321489a71e94bb638ce4004fec') in 0.184582 seconds 
========================================================================
Received Import Request.
  Time since last request: 0.000254 seconds.
  path: Assets/Sound.mp3
  artifactKey: Guid(f761bb7575f5bf647a9989fb11424b71) Importer(815301076,1909f56bfc062723c751e8b465ee728b)
Start importing Assets/Sound.mp3 using Guid(f761bb7575f5bf647a9989fb11424b71) Importer(815301076,1909f56bfc062723c751e8b465ee728b)  -> (artifact id: 'b9cb49b055b84a6457ced229703dd9fd') in 0.011786 seconds 
========================================================================
Received Import Request.
  Time since last request: 0.000271 seconds.
  path: Assets/Sound1.mp3
  artifactKey: Guid(7bf584023a57797499aca876385dc98c) Importer(815301076,1909f56bfc062723c751e8b465ee728b)
Start importing Assets/Sound1.mp3 using Guid(7bf584023a57797499aca876385dc98c) Importer(815301076,1909f56bfc062723c751e8b465ee728b)  -> (artifact id: '4ce0158731be35eeb121926990d3f216') in 0.007974 seconds 
========================================================================
Received Import Request.
  Time since last request: 0.000329 seconds.
  path: Assets/red.mat
  artifactKey: Guid(d07005347e12723488404769872176b2) Importer(815301076,1909f56bfc062723c751e8b465ee728b)
Start importing Assets/red.mat using Guid(d07005347e12723488404769872176b2) Importer(815301076,1909f56bfc062723c751e8b465ee728b)  -> (artifact id: 'e0854e9480429c3e20332cea42a3b88a') in 0.126902 seconds 
========================================================================
Received Import Request.
  Time since last request: 231.235230 seconds.
  path: Assets/CollectObject.cs
  artifactKey: Guid(ebb9f185696eb4d24926662297c547fd) Importer(815301076,1909f56bfc062723c751e8b465ee728b)
Start importing Assets/CollectObject.cs using Guid(ebb9f185696eb4d24926662297c547fd) Importer(815301076,1909f56bfc062723c751e8b465ee728b)  -> (artifact id: '6bcd39f519991ccb4125fcbaaea4d69a') in 0.080987 seconds 
========================================================================
Received Import Request.
  Time since last request: 3.592709 seconds.
  path: Assets/OffsetGrab.cs
  artifactKey: Guid(496ca1571d3694f01bfb654cd0b486f3) Importer(815301076,1909f56bfc062723c751e8b465ee728b)
Start importing Assets/OffsetGrab.cs using Guid(496ca1571d3694f01bfb654cd0b486f3) Importer(815301076,1909f56bfc062723c751e8b465ee728b)  -> (artifact id: '9228805b911a09836fdd1005da0363ea') in 0.002261 seconds 
